<?xml version="1.0" encoding="UTF-8"?>
<!-- Generated by org.testng.reporters.JUnitReportReporter -->
<testsuite hostname="LAPTOP-F1JQ316N" failures="0" tests="2" name="com.test.Flipkart" time="95.825" errors="0" timestamp="2022-10-11T17:05:58 IST" skipped="0">
  <testcase classname="com.test.Flipkart" name="google_flipkart" time="43.046"/>
  <system-out/>
  <testcase classname="com.test.Flipkart" name="edge_flipkart" time="52.779"/>
  <system-out/>
</testsuite> <!-- com.test.Flipkart -->
